0 info it worked if it ends with ok
1 verbose cli [ '/usr/local/bin/node', '/usr/local/bin/npm', 'i' ]
2 info using npm@2.15.9
3 info using node@v4.6.0
4 verbose readDependencies loading dependencies from /Users/bykovdenis/www/react/learn-react/simple2/package.json
5 warn package.json react_simple@1.0.0 No repository field.
6 warn package.json react_simple@1.0.0 No README data
7 verbose install where, deps [ '/Users/bykovdenis/www/react/learn-react/simple2',
7 verbose install   [ 'babel-core',
7 verbose install     'babel-loader',
7 verbose install     'babel-plugin-add-module-exports',
7 verbose install     'babel-plugin-transform-decorators-legacy',
7 verbose install     'babel-plugin-transform-react-display-name',
7 verbose install     'babel-plugin-transform-runtime',
7 verbose install     'babel-polyfill',
7 verbose install     'babel-preset-es2015',
7 verbose install     'babel-preset-react',
7 verbose install     'babel-preset-stage-0',
7 verbose install     'babel-register',
7 verbose install     'babel-runtime',
7 verbose install     'body-parser',
7 verbose install     'react',
7 verbose install     'react-dom',
7 verbose install     'react-redux',
7 verbose install     'redux',
7 verbose install     'redux-thunk',
7 verbose install     'redux-devtools-extension',
7 verbose install     'babel-preset-es2017',
7 verbose install     'babel-eslint',
7 verbose install     'babel-plugin-react-transform',
7 verbose install     'babel-plugin-typecheck',
7 verbose install     'clean-webpack-plugin',
7 verbose install     'copy-webpack-plugin',
7 verbose install     'css-loader',
7 verbose install     'eslint',
7 verbose install     'eslint-config-airbnb',
7 verbose install     'eslint-loader',
7 verbose install     'eslint-plugin-import',
7 verbose install     'eslint-plugin-jsx-a11y',
7 verbose install     'eslint-plugin-react',
7 verbose install     'extract-text-webpack-plugin',
7 verbose install     'html-loader',
7 verbose install     'html-webpack-plugin',
7 verbose install     'jade',
7 verbose install     'jade-loader',
7 verbose install     'path',
7 verbose install     'webpack',
7 verbose install     'webpack-dashboard',
7 verbose install     'react-transform-catch-errors',
7 verbose install     'react-transform-hmr',
7 verbose install     'redbox-react' ] ]
8 verbose install where, peers [ '/Users/bykovdenis/www/react/learn-react/simple2', [] ]
9 verbose installManyTop reading for lifecycle /Users/bykovdenis/www/react/learn-react/simple2/package.json
10 info preinstall react_simple@1.0.0
11 verbose installManyTop reading scoped package data from /Users/bykovdenis/www/react/learn-react/simple2/node_modules/autoprefixer-loader/package.json
12 verbose installManyTop reading scoped package data from /Users/bykovdenis/www/react/learn-react/simple2/node_modules/babel-core/package.json
13 verbose installManyTop reading scoped package data from /Users/bykovdenis/www/react/learn-react/simple2/node_modules/babel-eslint/package.json
14 verbose installManyTop reading scoped package data from /Users/bykovdenis/www/react/learn-react/simple2/node_modules/babel-loader/package.json
15 verbose installManyTop reading scoped package data from /Users/bykovdenis/www/react/learn-react/simple2/node_modules/babel-plugin-add-module-exports/package.json
16 verbose installManyTop reading scoped package data from /Users/bykovdenis/www/react/learn-react/simple2/node_modules/babel-plugin-react-transform/package.json
17 verbose installManyTop reading scoped package data from /Users/bykovdenis/www/react/learn-react/simple2/node_modules/babel-plugin-transform-decorators-legacy/package.json
18 verbose installManyTop reading scoped package data from /Users/bykovdenis/www/react/learn-react/simple2/node_modules/babel-plugin-transform-react-display-name/package.json
19 verbose installManyTop reading scoped package data from /Users/bykovdenis/www/react/learn-react/simple2/node_modules/babel-plugin-transform-runtime/package.json
20 verbose installManyTop reading scoped package data from /Users/bykovdenis/www/react/learn-react/simple2/node_modules/babel-plugin-typecheck/package.json
21 verbose installManyTop reading scoped package data from /Users/bykovdenis/www/react/learn-react/simple2/node_modules/babel-polyfill/package.json
22 verbose installManyTop reading scoped package data from /Users/bykovdenis/www/react/learn-react/simple2/node_modules/babel-preset-es2015/package.json
23 verbose installManyTop reading scoped package data from /Users/bykovdenis/www/react/learn-react/simple2/node_modules/babel-preset-es2017/package.json
24 verbose installManyTop reading scoped package data from /Users/bykovdenis/www/react/learn-react/simple2/node_modules/babel-preset-react/package.json
25 verbose installManyTop reading scoped package data from /Users/bykovdenis/www/react/learn-react/simple2/node_modules/babel-preset-stage-0/package.json
26 verbose installManyTop reading scoped package data from /Users/bykovdenis/www/react/learn-react/simple2/node_modules/babel-register/package.json
27 verbose installManyTop reading scoped package data from /Users/bykovdenis/www/react/learn-react/simple2/node_modules/babel-runtime/package.json
28 verbose installManyTop reading scoped package data from /Users/bykovdenis/www/react/learn-react/simple2/node_modules/body-parser/package.json
29 verbose installManyTop reading scoped package data from /Users/bykovdenis/www/react/learn-react/simple2/node_modules/clean-webpack-plugin/package.json
30 verbose installManyTop reading scoped package data from /Users/bykovdenis/www/react/learn-react/simple2/node_modules/copy-webpack-plugin/package.json
31 verbose installManyTop reading scoped package data from /Users/bykovdenis/www/react/learn-react/simple2/node_modules/css-loader/package.json
32 verbose installManyTop reading scoped package data from /Users/bykovdenis/www/react/learn-react/simple2/node_modules/eslint/package.json
33 verbose installManyTop reading scoped package data from /Users/bykovdenis/www/react/learn-react/simple2/node_modules/eslint-config-airbnb/package.json
34 verbose installManyTop reading scoped package data from /Users/bykovdenis/www/react/learn-react/simple2/node_modules/eslint-loader/package.json
35 verbose installManyTop reading scoped package data from /Users/bykovdenis/www/react/learn-react/simple2/node_modules/eslint-plugin-import/package.json
36 verbose installManyTop reading scoped package data from /Users/bykovdenis/www/react/learn-react/simple2/node_modules/eslint-plugin-jsx-a11y/package.json
37 verbose installManyTop reading scoped package data from /Users/bykovdenis/www/react/learn-react/simple2/node_modules/eslint-plugin-react/package.json
38 verbose installManyTop reading scoped package data from /Users/bykovdenis/www/react/learn-react/simple2/node_modules/extract-text-webpack-plugin/package.json
39 verbose installManyTop reading scoped package data from /Users/bykovdenis/www/react/learn-react/simple2/node_modules/html-loader/package.json
40 verbose installManyTop reading scoped package data from /Users/bykovdenis/www/react/learn-react/simple2/node_modules/html-webpack-plugin/package.json
41 verbose installManyTop reading scoped package data from /Users/bykovdenis/www/react/learn-react/simple2/node_modules/jade/package.json
42 verbose installManyTop reading scoped package data from /Users/bykovdenis/www/react/learn-react/simple2/node_modules/jade-loader/package.json
43 verbose installManyTop reading scoped package data from /Users/bykovdenis/www/react/learn-react/simple2/node_modules/node-sass/package.json
44 verbose installManyTop reading scoped package data from /Users/bykovdenis/www/react/learn-react/simple2/node_modules/optimize-css-assets-webpack-plugin/package.json
45 verbose installManyTop reading scoped package data from /Users/bykovdenis/www/react/learn-react/simple2/node_modules/path/package.json
46 verbose installManyTop reading scoped package data from /Users/bykovdenis/www/react/learn-react/simple2/node_modules/react/package.json
47 verbose installManyTop reading scoped package data from /Users/bykovdenis/www/react/learn-react/simple2/node_modules/react-dom/package.json
48 verbose installManyTop reading scoped package data from /Users/bykovdenis/www/react/learn-react/simple2/node_modules/react-redux/package.json
49 verbose installManyTop reading scoped package data from /Users/bykovdenis/www/react/learn-react/simple2/node_modules/react-transform-catch-errors/package.json
50 verbose installManyTop reading scoped package data from /Users/bykovdenis/www/react/learn-react/simple2/node_modules/react-transform-hmr/package.json
51 verbose installManyTop reading scoped package data from /Users/bykovdenis/www/react/learn-react/simple2/node_modules/redbox-react/package.json
52 verbose installManyTop reading scoped package data from /Users/bykovdenis/www/react/learn-react/simple2/node_modules/redux/package.json
53 verbose installManyTop reading scoped package data from /Users/bykovdenis/www/react/learn-react/simple2/node_modules/redux-devtools-extension/package.json
54 verbose installManyTop reading scoped package data from /Users/bykovdenis/www/react/learn-react/simple2/node_modules/redux-thunk/package.json
55 verbose installManyTop reading scoped package data from /Users/bykovdenis/www/react/learn-react/simple2/node_modules/sass-loader/package.json
56 verbose installManyTop reading scoped package data from /Users/bykovdenis/www/react/learn-react/simple2/node_modules/style-loader/package.json
57 verbose installManyTop reading scoped package data from /Users/bykovdenis/www/react/learn-react/simple2/node_modules/webpack/package.json
58 verbose installManyTop reading scoped package data from /Users/bykovdenis/www/react/learn-react/simple2/node_modules/webpack-dashboard/package.json
59 info package.json jade-loader@0.8.0 No license field.
60 info package.json path@0.12.7 path is also the name of a node core module.
61 verbose readDependencies loading dependencies from /Users/bykovdenis/www/react/learn-react/simple2/package.json
62 verbose targetResolver reading package data from /Users/bykovdenis/www/react/learn-react/simple2/node_modules/autoprefixer-loader/package.json
63 verbose targetResolver reading package data from /Users/bykovdenis/www/react/learn-react/simple2/node_modules/babel-core/package.json
64 verbose targetResolver reading package data from /Users/bykovdenis/www/react/learn-react/simple2/node_modules/babel-eslint/package.json
65 verbose targetResolver reading package data from /Users/bykovdenis/www/react/learn-react/simple2/node_modules/babel-loader/package.json
66 verbose targetResolver reading package data from /Users/bykovdenis/www/react/learn-react/simple2/node_modules/babel-plugin-add-module-exports/package.json
67 verbose targetResolver reading package data from /Users/bykovdenis/www/react/learn-react/simple2/node_modules/babel-plugin-react-transform/package.json
68 verbose targetResolver reading package data from /Users/bykovdenis/www/react/learn-react/simple2/node_modules/babel-plugin-transform-decorators-legacy/package.json
69 verbose targetResolver reading package data from /Users/bykovdenis/www/react/learn-react/simple2/node_modules/babel-plugin-transform-react-display-name/package.json
70 verbose targetResolver reading package data from /Users/bykovdenis/www/react/learn-react/simple2/node_modules/babel-plugin-transform-runtime/package.json
71 verbose targetResolver reading package data from /Users/bykovdenis/www/react/learn-react/simple2/node_modules/babel-plugin-typecheck/package.json
72 verbose targetResolver reading package data from /Users/bykovdenis/www/react/learn-react/simple2/node_modules/babel-polyfill/package.json
73 verbose targetResolver reading package data from /Users/bykovdenis/www/react/learn-react/simple2/node_modules/babel-preset-es2015/package.json
74 verbose targetResolver reading package data from /Users/bykovdenis/www/react/learn-react/simple2/node_modules/babel-preset-es2017/package.json
75 verbose targetResolver reading package data from /Users/bykovdenis/www/react/learn-react/simple2/node_modules/babel-preset-react/package.json
76 verbose targetResolver reading package data from /Users/bykovdenis/www/react/learn-react/simple2/node_modules/babel-preset-stage-0/package.json
77 verbose targetResolver reading package data from /Users/bykovdenis/www/react/learn-react/simple2/node_modules/babel-register/package.json
78 verbose targetResolver reading package data from /Users/bykovdenis/www/react/learn-react/simple2/node_modules/babel-runtime/package.json
79 verbose targetResolver reading package data from /Users/bykovdenis/www/react/learn-react/simple2/node_modules/body-parser/package.json
80 verbose targetResolver reading package data from /Users/bykovdenis/www/react/learn-react/simple2/node_modules/clean-webpack-plugin/package.json
81 verbose targetResolver reading package data from /Users/bykovdenis/www/react/learn-react/simple2/node_modules/copy-webpack-plugin/package.json
82 verbose targetResolver reading package data from /Users/bykovdenis/www/react/learn-react/simple2/node_modules/css-loader/package.json
83 verbose targetResolver reading package data from /Users/bykovdenis/www/react/learn-react/simple2/node_modules/eslint/package.json
84 verbose targetResolver reading package data from /Users/bykovdenis/www/react/learn-react/simple2/node_modules/eslint-config-airbnb/package.json
85 verbose targetResolver reading package data from /Users/bykovdenis/www/react/learn-react/simple2/node_modules/eslint-loader/package.json
86 verbose targetResolver reading package data from /Users/bykovdenis/www/react/learn-react/simple2/node_modules/eslint-plugin-import/package.json
87 verbose targetResolver reading package data from /Users/bykovdenis/www/react/learn-react/simple2/node_modules/eslint-plugin-jsx-a11y/package.json
88 verbose targetResolver reading package data from /Users/bykovdenis/www/react/learn-react/simple2/node_modules/eslint-plugin-react/package.json
89 verbose targetResolver reading package data from /Users/bykovdenis/www/react/learn-react/simple2/node_modules/extract-text-webpack-plugin/package.json
90 verbose targetResolver reading package data from /Users/bykovdenis/www/react/learn-react/simple2/node_modules/html-loader/package.json
91 verbose targetResolver reading package data from /Users/bykovdenis/www/react/learn-react/simple2/node_modules/html-webpack-plugin/package.json
92 verbose targetResolver reading package data from /Users/bykovdenis/www/react/learn-react/simple2/node_modules/jade/package.json
93 verbose targetResolver reading package data from /Users/bykovdenis/www/react/learn-react/simple2/node_modules/jade-loader/package.json
94 verbose targetResolver reading package data from /Users/bykovdenis/www/react/learn-react/simple2/node_modules/node-sass/package.json
95 verbose targetResolver reading package data from /Users/bykovdenis/www/react/learn-react/simple2/node_modules/optimize-css-assets-webpack-plugin/package.json
96 verbose targetResolver reading package data from /Users/bykovdenis/www/react/learn-react/simple2/node_modules/path/package.json
97 verbose targetResolver reading package data from /Users/bykovdenis/www/react/learn-react/simple2/node_modules/react/package.json
98 verbose targetResolver reading package data from /Users/bykovdenis/www/react/learn-react/simple2/node_modules/react-dom/package.json
99 verbose targetResolver reading package data from /Users/bykovdenis/www/react/learn-react/simple2/node_modules/react-redux/package.json
100 verbose targetResolver reading package data from /Users/bykovdenis/www/react/learn-react/simple2/node_modules/react-transform-catch-errors/package.json
101 verbose targetResolver reading package data from /Users/bykovdenis/www/react/learn-react/simple2/node_modules/react-transform-hmr/package.json
102 verbose targetResolver reading package data from /Users/bykovdenis/www/react/learn-react/simple2/node_modules/redbox-react/package.json
103 verbose targetResolver reading package data from /Users/bykovdenis/www/react/learn-react/simple2/node_modules/redux/package.json
104 verbose targetResolver reading package data from /Users/bykovdenis/www/react/learn-react/simple2/node_modules/redux-devtools-extension/package.json
105 verbose targetResolver reading package data from /Users/bykovdenis/www/react/learn-react/simple2/node_modules/redux-thunk/package.json
106 verbose targetResolver reading package data from /Users/bykovdenis/www/react/learn-react/simple2/node_modules/sass-loader/package.json
107 verbose targetResolver reading package data from /Users/bykovdenis/www/react/learn-react/simple2/node_modules/style-loader/package.json
108 verbose targetResolver reading package data from /Users/bykovdenis/www/react/learn-react/simple2/node_modules/webpack/package.json
109 verbose targetResolver reading package data from /Users/bykovdenis/www/react/learn-react/simple2/node_modules/webpack-dashboard/package.json
110 verbose targetResolver reading package data from /Users/bykovdenis/www/react/learn-react/simple2/node_modules/.bin/eslint/package.json
111 verbose targetResolver reading package data from /Users/bykovdenis/www/react/learn-react/simple2/node_modules/.bin/jade/package.json
112 verbose targetResolver reading package data from /Users/bykovdenis/www/react/learn-react/simple2/node_modules/.bin/node-sass/package.json
113 verbose targetResolver reading package data from /Users/bykovdenis/www/react/learn-react/simple2/node_modules/.bin/webpack/package.json
114 verbose targetResolver reading package data from /Users/bykovdenis/www/react/learn-react/simple2/node_modules/.bin/webpack-dashboard/package.json
115 verbose already installed skipping body-parser@^1.14.1 /Users/bykovdenis/www/react/learn-react/simple2
116 verbose already installed skipping react@0.14.8 /Users/bykovdenis/www/react/learn-react/simple2
117 verbose already installed skipping react-dom@0.14.8 /Users/bykovdenis/www/react/learn-react/simple2
118 verbose already installed skipping react-redux@^4.0.0 /Users/bykovdenis/www/react/learn-react/simple2
119 verbose already installed skipping redux@^3.0.4 /Users/bykovdenis/www/react/learn-react/simple2
120 verbose already installed skipping redux-thunk@^2.1.0 /Users/bykovdenis/www/react/learn-react/simple2
121 verbose already installed skipping redux-devtools-extension@^2.13.0 /Users/bykovdenis/www/react/learn-react/simple2
122 verbose already installed skipping babel-preset-es2017@^6.22.0 /Users/bykovdenis/www/react/learn-react/simple2
123 verbose already installed skipping babel-eslint@^5.0.0-beta6 /Users/bykovdenis/www/react/learn-react/simple2
124 verbose already installed skipping babel-plugin-react-transform@^2.0.0 /Users/bykovdenis/www/react/learn-react/simple2
125 verbose already installed skipping babel-plugin-typecheck@^3.6.0 /Users/bykovdenis/www/react/learn-react/simple2
126 verbose already installed skipping clean-webpack-plugin@^0.1.15 /Users/bykovdenis/www/react/learn-react/simple2
127 verbose already installed skipping copy-webpack-plugin@^4.0.1 /Users/bykovdenis/www/react/learn-react/simple2
128 verbose already installed skipping css-loader@^0.27.1 /Users/bykovdenis/www/react/learn-react/simple2
129 verbose already installed skipping eslint@^3.17.1 /Users/bykovdenis/www/react/learn-react/simple2
130 verbose already installed skipping eslint-config-airbnb@^14.1.0 /Users/bykovdenis/www/react/learn-react/simple2
131 verbose already installed skipping eslint-loader@^1.6.3 /Users/bykovdenis/www/react/learn-react/simple2
132 verbose already installed skipping eslint-plugin-import@^2.2.0 /Users/bykovdenis/www/react/learn-react/simple2
133 verbose already installed skipping eslint-plugin-jsx-a11y@^4.0.0 /Users/bykovdenis/www/react/learn-react/simple2
134 verbose already installed skipping eslint-plugin-react@^6.10.0 /Users/bykovdenis/www/react/learn-react/simple2
135 verbose already installed skipping extract-text-webpack-plugin@^2.1.0 /Users/bykovdenis/www/react/learn-react/simple2
136 verbose already installed skipping html-loader@^0.4.5 /Users/bykovdenis/www/react/learn-react/simple2
137 verbose already installed skipping html-webpack-plugin@^2.28.0 /Users/bykovdenis/www/react/learn-react/simple2
138 verbose already installed skipping jade@^1.11.0 /Users/bykovdenis/www/react/learn-react/simple2
139 verbose already installed skipping jade-loader@^0.8.0 /Users/bykovdenis/www/react/learn-react/simple2
140 verbose already installed skipping path@^0.12.7 /Users/bykovdenis/www/react/learn-react/simple2
141 verbose already installed skipping webpack@^2.2.1 /Users/bykovdenis/www/react/learn-react/simple2
142 verbose already installed skipping webpack-dashboard@^0.3.0 /Users/bykovdenis/www/react/learn-react/simple2
143 verbose already installed skipping react-transform-catch-errors@^1.0.0 /Users/bykovdenis/www/react/learn-react/simple2
144 verbose already installed skipping react-transform-hmr@^1.0.1 /Users/bykovdenis/www/react/learn-react/simple2
145 verbose already installed skipping redbox-react@^1.1.1 /Users/bykovdenis/www/react/learn-react/simple2
146 verbose already installed skipping babel-core@^6.23.1 /Users/bykovdenis/www/react/learn-react/simple2
147 verbose already installed skipping babel-loader@^6.2.1 /Users/bykovdenis/www/react/learn-react/simple2
148 verbose already installed skipping babel-plugin-add-module-exports@^0.1.2 /Users/bykovdenis/www/react/learn-react/simple2
149 verbose already installed skipping babel-plugin-transform-decorators-legacy@^1.3.4 /Users/bykovdenis/www/react/learn-react/simple2
150 verbose already installed skipping babel-plugin-transform-react-display-name@^6.3.13 /Users/bykovdenis/www/react/learn-react/simple2
151 verbose already installed skipping babel-plugin-transform-runtime@^6.3.13 /Users/bykovdenis/www/react/learn-react/simple2
152 verbose already installed skipping babel-polyfill@^6.3.14 /Users/bykovdenis/www/react/learn-react/simple2
153 verbose already installed skipping babel-preset-es2015@^6.3.13 /Users/bykovdenis/www/react/learn-react/simple2
154 verbose already installed skipping babel-preset-react@^6.3.13 /Users/bykovdenis/www/react/learn-react/simple2
155 verbose already installed skipping babel-preset-stage-0@^6.3.13 /Users/bykovdenis/www/react/learn-react/simple2
156 verbose already installed skipping babel-register@^6.3.13 /Users/bykovdenis/www/react/learn-react/simple2
157 verbose already installed skipping babel-runtime@^6.3.19 /Users/bykovdenis/www/react/learn-react/simple2
158 silly install resolved []
159 info build /Users/bykovdenis/www/react/learn-react/simple2
160 info linkStuff react_simple@1.0.0
161 silly linkStuff react_simple@1.0.0 has /Users/bykovdenis/www/react/learn-react as its parent node_modules
162 verbose linkBins react_simple@1.0.0
163 verbose linkMans react_simple@1.0.0
164 verbose rebuildBundles react_simple@1.0.0
165 verbose rebuildBundles [ '.bin',
165 verbose rebuildBundles   'autoprefixer-loader',
165 verbose rebuildBundles   'babel-core',
165 verbose rebuildBundles   'babel-eslint',
165 verbose rebuildBundles   'babel-loader',
165 verbose rebuildBundles   'babel-plugin-add-module-exports',
165 verbose rebuildBundles   'babel-plugin-react-transform',
165 verbose rebuildBundles   'babel-plugin-transform-decorators-legacy',
165 verbose rebuildBundles   'babel-plugin-transform-react-display-name',
165 verbose rebuildBundles   'babel-plugin-transform-runtime',
165 verbose rebuildBundles   'babel-plugin-typecheck',
165 verbose rebuildBundles   'babel-polyfill',
165 verbose rebuildBundles   'babel-preset-es2015',
165 verbose rebuildBundles   'babel-preset-es2017',
165 verbose rebuildBundles   'babel-preset-react',
165 verbose rebuildBundles   'babel-preset-stage-0',
165 verbose rebuildBundles   'babel-register',
165 verbose rebuildBundles   'babel-runtime',
165 verbose rebuildBundles   'body-parser',
165 verbose rebuildBundles   'clean-webpack-plugin',
165 verbose rebuildBundles   'copy-webpack-plugin',
165 verbose rebuildBundles   'css-loader',
165 verbose rebuildBundles   'eslint',
165 verbose rebuildBundles   'eslint-config-airbnb',
165 verbose rebuildBundles   'eslint-loader',
165 verbose rebuildBundles   'eslint-plugin-import',
165 verbose rebuildBundles   'eslint-plugin-jsx-a11y',
165 verbose rebuildBundles   'eslint-plugin-react',
165 verbose rebuildBundles   'extract-text-webpack-plugin',
165 verbose rebuildBundles   'html-loader',
165 verbose rebuildBundles   'html-webpack-plugin',
165 verbose rebuildBundles   'jade',
165 verbose rebuildBundles   'jade-loader',
165 verbose rebuildBundles   'node-sass',
165 verbose rebuildBundles   'optimize-css-assets-webpack-plugin',
165 verbose rebuildBundles   'path',
165 verbose rebuildBundles   'react',
165 verbose rebuildBundles   'react-dom',
165 verbose rebuildBundles   'react-redux',
165 verbose rebuildBundles   'react-transform-catch-errors',
165 verbose rebuildBundles   'react-transform-hmr',
165 verbose rebuildBundles   'redbox-react',
165 verbose rebuildBundles   'redux',
165 verbose rebuildBundles   'redux-devtools-extension',
165 verbose rebuildBundles   'redux-thunk',
165 verbose rebuildBundles   'sass-loader',
165 verbose rebuildBundles   'style-loader',
165 verbose rebuildBundles   'webpack',
165 verbose rebuildBundles   'webpack-dashboard' ]
166 verbose rebuild bundle /Users/bykovdenis/www/react/learn-react/simple2/node_modules/autoprefixer-loader
167 info build /Users/bykovdenis/www/react/learn-react/simple2/node_modules/autoprefixer-loader
168 info preinstall autoprefixer-loader@3.2.0
169 info linkStuff autoprefixer-loader@3.2.0
170 silly linkStuff autoprefixer-loader@3.2.0 has /Users/bykovdenis/www/react/learn-react/simple2/node_modules as its parent node_modules
171 verbose linkBins autoprefixer-loader@3.2.0
172 verbose linkMans autoprefixer-loader@3.2.0
173 verbose rebuildBundles autoprefixer-loader@3.2.0
174 verbose rebuildBundles [ 'autoprefixer',
174 verbose rebuildBundles   'loader-utils',
174 verbose rebuildBundles   'postcss',
174 verbose rebuildBundles   'postcss-safe-parser' ]
175 info install autoprefixer-loader@3.2.0
176 info postinstall autoprefixer-loader@3.2.0
177 verbose rebuild bundle /Users/bykovdenis/www/react/learn-react/simple2/node_modules/node-sass
178 info build /Users/bykovdenis/www/react/learn-react/simple2/node_modules/node-sass
179 info preinstall node-sass@4.5.0
180 info linkStuff node-sass@4.5.0
181 silly linkStuff node-sass@4.5.0 has /Users/bykovdenis/www/react/learn-react/simple2/node_modules as its parent node_modules
182 verbose linkBins node-sass@4.5.0
183 verbose link bins [ { 'node-sass': 'bin/node-sass' },
183 verbose link bins   '/Users/bykovdenis/www/react/learn-react/simple2/node_modules/.bin',
183 verbose link bins   false ]
184 verbose linkMans node-sass@4.5.0
185 verbose rebuildBundles node-sass@4.5.0
186 verbose rebuildBundles [ '.bin',
186 verbose rebuildBundles   'async-foreach',
186 verbose rebuildBundles   'chalk',
186 verbose rebuildBundles   'cross-spawn',
186 verbose rebuildBundles   'gaze',
186 verbose rebuildBundles   'get-stdin',
186 verbose rebuildBundles   'glob',
186 verbose rebuildBundles   'in-publish',
186 verbose rebuildBundles   'lodash.assign',
186 verbose rebuildBundles   'lodash.clonedeep',
186 verbose rebuildBundles   'lodash.mergewith',
186 verbose rebuildBundles   'meow',
186 verbose rebuildBundles   'mkdirp',
186 verbose rebuildBundles   'nan',
186 verbose rebuildBundles   'node-gyp',
186 verbose rebuildBundles   'npmlog',
186 verbose rebuildBundles   'request',
186 verbose rebuildBundles   'sass-graph',
186 verbose rebuildBundles   'stdout-stream' ]
187 silly gentlyRm /Users/bykovdenis/www/react/learn-react/simple2/node_modules/.bin/node-sass is being purged
188 verbose gentlyRm don't care about contents; nuking /Users/bykovdenis/www/react/learn-react/simple2/node_modules/.bin/node-sass
189 silly vacuum-fs purging /Users/bykovdenis/www/react/learn-react/simple2/node_modules/.bin/node-sass
190 silly vacuum-fs quitting because other entries in /Users/bykovdenis/www/react/learn-react/simple2/node_modules/.bin
191 info install node-sass@4.5.0
192 verbose unsafe-perm in lifecycle true
193 info postinstall node-sass@4.5.0
194 verbose unsafe-perm in lifecycle true
195 verbose rebuild bundle /Users/bykovdenis/www/react/learn-react/simple2/node_modules/optimize-css-assets-webpack-plugin
196 info build /Users/bykovdenis/www/react/learn-react/simple2/node_modules/optimize-css-assets-webpack-plugin
197 info preinstall optimize-css-assets-webpack-plugin@1.3.0
198 info linkStuff optimize-css-assets-webpack-plugin@1.3.0
199 silly linkStuff optimize-css-assets-webpack-plugin@1.3.0 has /Users/bykovdenis/www/react/learn-react/simple2/node_modules as its parent node_modules
200 verbose linkBins optimize-css-assets-webpack-plugin@1.3.0
201 verbose linkMans optimize-css-assets-webpack-plugin@1.3.0
202 verbose rebuildBundles optimize-css-assets-webpack-plugin@1.3.0
203 verbose rebuildBundles [ 'cssnano', 'underscore', 'webpack-sources' ]
204 info install optimize-css-assets-webpack-plugin@1.3.0
205 info postinstall optimize-css-assets-webpack-plugin@1.3.0
206 verbose rebuild bundle /Users/bykovdenis/www/react/learn-react/simple2/node_modules/sass-loader
207 info build /Users/bykovdenis/www/react/learn-react/simple2/node_modules/sass-loader
208 info preinstall sass-loader@6.0.3
209 info linkStuff sass-loader@6.0.3
210 silly linkStuff sass-loader@6.0.3 has /Users/bykovdenis/www/react/learn-react/simple2/node_modules as its parent node_modules
211 verbose linkBins sass-loader@6.0.3
212 verbose linkMans sass-loader@6.0.3
213 verbose rebuildBundles sass-loader@6.0.3
214 verbose rebuildBundles [ 'async', 'clone-deep', 'loader-utils', 'lodash.tail', 'pify' ]
215 info install sass-loader@6.0.3
216 info postinstall sass-loader@6.0.3
217 verbose rebuild bundle /Users/bykovdenis/www/react/learn-react/simple2/node_modules/style-loader
218 info build /Users/bykovdenis/www/react/learn-react/simple2/node_modules/style-loader
219 info preinstall style-loader@0.13.2
220 info linkStuff style-loader@0.13.2
221 silly linkStuff style-loader@0.13.2 has /Users/bykovdenis/www/react/learn-react/simple2/node_modules as its parent node_modules
222 verbose linkBins style-loader@0.13.2
223 verbose linkMans style-loader@0.13.2
224 verbose rebuildBundles style-loader@0.13.2
225 verbose rebuildBundles [ 'loader-utils' ]
226 info install style-loader@0.13.2
227 info postinstall style-loader@0.13.2
228 info install react_simple@1.0.0
229 info postinstall react_simple@1.0.0
230 info prepublish react_simple@1.0.0
231 verbose validateInstall loading /Users/bykovdenis/www/react/learn-react/simple2/package.json for validation
232 verbose stack Error: The package eslint@3.17.1 does not satisfy its siblings' peerDependencies requirements!
232 verbose stack     at /usr/local/lib/node_modules/npm/lib/install.js:125:32
232 verbose stack     at /usr/local/lib/node_modules/npm/lib/install.js:268:7
232 verbose stack     at /usr/local/lib/node_modules/npm/node_modules/read-installed/read-installed.js:142:5
232 verbose stack     at /usr/local/lib/node_modules/npm/node_modules/read-installed/read-installed.js:263:14
232 verbose stack     at cb (/usr/local/lib/node_modules/npm/node_modules/slide/lib/async-map.js:47:24)
232 verbose stack     at /usr/local/lib/node_modules/npm/node_modules/read-installed/read-installed.js:263:14
232 verbose stack     at cb (/usr/local/lib/node_modules/npm/node_modules/slide/lib/async-map.js:47:24)
232 verbose stack     at /usr/local/lib/node_modules/npm/node_modules/read-installed/read-installed.js:263:14
232 verbose stack     at cb (/usr/local/lib/node_modules/npm/node_modules/slide/lib/async-map.js:47:24)
232 verbose stack     at /usr/local/lib/node_modules/npm/node_modules/read-installed/read-installed.js:263:14
233 verbose cwd /Users/bykovdenis/www/react/learn-react/simple2
234 error Darwin 16.4.0
235 error argv "/usr/local/bin/node" "/usr/local/bin/npm" "i"
236 error node v4.6.0
237 error npm  v2.15.9
238 error code EPEERINVALID
239 error peerinvalid The package eslint@3.17.1 does not satisfy its siblings' peerDependencies requirements!
239 error peerinvalid Peer eslint-config-airbnb@14.1.0 wants eslint@^3.15.0
239 error peerinvalid Peer eslint-plugin-jsx-a11y@4.0.0 wants eslint@^2.10.2 || 3.x
239 error peerinvalid Peer eslint-plugin-react@6.10.0 wants eslint@^2.0.0 || ^3.0.0
239 error peerinvalid Peer babel-eslint@5.0.4 wants eslint@<2.3.0
239 error peerinvalid Peer eslint-loader@1.6.3 wants eslint@>=1.6.0 <4.0.0
239 error peerinvalid Peer eslint-plugin-import@2.2.0 wants eslint@2.x - 3.x
240 verbose exit [ 1, true ]
